[12Jun2025 00:04:09.048] [Server thread/INFO] [net.minecraft.server.network.ServerLoginPacketListenerImpl/]: Disconnecting com.mojang.authlib.GameProfile@21fd4ae0[id=<null>,name=utyyy,properties={},legacy=false] (/127.146.164.183:37703): Took too long to log in
[12Jun2025 00:04:09.050] [Server thread/INFO] [net.minecraft.server.network.ServerLoginPacketListenerImpl/]: com.mojang.authlib.GameProfile@21fd4ae0[id=<null>,name=utyyy,properties={},legacy=false] (/127.146.164.183:37703) lost connection: Took too long to log in
[12Jun2025 00:04:09.099] [Server thread/WARN] [net.minecraft.network.Connection/]: handleDisconnection() called twice
[12Jun2025 00:08:13.860] [Worker-Main-45/WARN] [net.minecraft.world.level.levelgen.structure.pools.JigsawPlacement/]: Empty or non-existent pool: minecraft:
[12Jun2025 00:08:13.863] [Worker-Main-45/WARN] [net.minecraft.world.level.levelgen.structure.pools.JigsawPlacement/]: Empty or non-existent pool: minecraft:
[12Jun2025 00:15:33.226] [Server thread/INFO] [net.minecraft.server.players.PlayerList/]: JuanEmpujaland[/127.129.41.227:51889] logged in with entity id 29296 at (909.0756101697192, 64.0, -1054.2063219465094)
[12Jun2025 00:15:33.301] [Server thread/INFO] [net.minecraft.server.MinecraftServer/]: JuanEmpujaland joined the game
[12Jun2025 00:15:33.310] [Server thread/INFO] [Jade/]: Syncing config to JuanEmpujaland (dfb0fd86-f93e-3eea-b496-ceadd4970649)
[12Jun2025 00:16:14.530] [Server thread/INFO] [net.minecraft.server.MinecraftServer/]: [Not Secure] <JuanEmpujaland> HOLA PUMADIA
[12Jun2025 00:16:26.080] [Server thread/INFO] [net.minecraft.server.MinecraftServer/]: [Not Secure] <JuanEmpujaland> YO TE SALVARE
[12Jun2025 00:16:33.481] [Server thread/INFO] [net.minecraft.server.MinecraftServer/]: [JuanEmpujaland: Teleported JuanEmpujaland to elpumaricazaza]
[12Jun2025 00:16:49.706] [Server thread/INFO] [net.minecraft.server.MinecraftServer/]: [Not Secure] <JuanEmpujaland> de atras
[12Jun2025 00:17:07.554] [Server thread/INFO] [net.minecraft.server.MinecraftServer/]: [Not Secure] <JuanEmpujaland> le di
[12Jun2025 00:17:43.337] [Server thread/INFO] [net.minecraft.server.MinecraftServer/]: [Not Secure] <JuanEmpujaland> ponele agua
[12Jun2025 00:18:29.284] [Server thread/INFO] [net.minecraft.server.MinecraftServer/]: [Not Secure] <JuanEmpujaland> bumeran
[12Jun2025 00:18:30.952] [Server thread/INFO] [net.minecraft.server.MinecraftServer/]: [Not Secure] <JuanEmpujaland> de warrior
[12Jun2025 00:18:39.797] [Server thread/INFO] [net.minecraft.server.MinecraftServer/]: [Not Secure] <JuanEmpujaland> solo puedo tirar 3
[12Jun2025 00:18:48.186] [Server thread/INFO] [net.minecraft.server.MinecraftServer/]: [Not Secure] <JuanEmpujaland> sisi
[12Jun2025 00:18:53.724] [Server thread/INFO] [net.minecraft.server.MinecraftServer/]: [Not Secure] <JuanEmpujaland> es azul
[12Jun2025 00:18:56.960] [Server thread/INFO] [net.minecraft.server.MinecraftServer/]: [Not Secure] <JuanEmpujaland> me salio en un loot
[12Jun2025 00:19:16.822] [Server thread/INFO] [tombstone/]: The player elpumaricazaza has successfully been saved
[12Jun2025 00:20:45.507] [Server thread/INFO] [tombstone/]: The player elpumaricazaza has successfully been saved
[12Jun2025 00:21:37.309] [Server thread/INFO] [tombstone/]: The player elpumaricazaza has successfully been saved
